Conda environment: vae_test
[I 2026-06-11 13:52:10,593] A new study created in memory with name: no-name-6307c066-d800-40ba-8346-4261ed22dccd
[I 2026-06-11 13:57:01,371] Trial 0 finished with value: 738.3811511191099 and parameters: {'lr': 0.008557091510968232, 'weight_decay': 2.423183124805788e-05, 'batch_size': 128}. Best is trial 0 with value: 738.3811511191099.
[I 2026-06-11 14:00:09,660] Trial 1 finished with value: 306.9903852250641 and parameters: {'lr': 0.003646297327768263, 'weight_decay': 0.0006072225352931766, 'batch_size': 512}. Best is trial 1 with value: 306.9903852250641.
[I 2026-06-11 14:03:48,916] Trial 2 finished with value: 505.57696828275067 and parameters: {'lr': 0.00019971774697925175, 'weight_decay': 0.00022190634259162433, 'batch_size': 4096}. Best is trial 1 with value: 306.9903852250641.
[I 2026-06-11 14:06:56,736] Trial 3 finished with value: 300.24712702647986 and parameters: {'lr': 0.0014483048354870793, 'weight_decay': 0.0007045536274311299, 'batch_size': 512}. Best is trial 3 with value: 300.24712702647986.
[I 2026-06-11 14:10:30,870] Trial 4 finished with value: 448.6977926216032 and parameters: {'lr': 0.0002067157245225885, 'weight_decay': 0.0016432808864085921, 'batch_size': 2048}. Best is trial 3 with value: 300.24712702647986.
[I 2026-06-11 14:13:37,680] Trial 5 finished with value: 353.53151247403093 and parameters: {'lr': 0.009437735516522237, 'weight_decay': 0.00853762400165391, 'batch_size': 512}. Best is trial 3 with value: 300.24712702647986.
[I 2026-06-11 14:18:20,745] Trial 6 finished with value: 328.14318149218616 and parameters: {'lr': 0.0012049882568203863, 'weight_decay': 7.730275300532387e-05, 'batch_size': 128}. Best is trial 3 with value: 300.24712702647986.
[I 2026-06-11 14:22:04,029] Trial 7 finished with value: 387.7082351255093 and parameters: {'lr': 0.0013312178406112726, 'weight_decay': 0.0010271591274108155, 'batch_size': 8192}. Best is trial 3 with value: 300.24712702647986.
slurmstepd: error: *** JOB 6965673 ON gollum154 CANCELLED AT 2026-06-11T14:25:13 ***
